<?xml version="1.0" encoding="UTF-8"?>
<testng-results skipped="0" failed="0" ignored="0" total="1" passed="1">
  <reporter-output>
  </reporter-output>
  <suite name="Default suite" duration-ms="9330" started-at="2018-08-12T14:20:12Z" finished-at="2018-08-12T14:20:21Z">
    <groups>
    </groups>
    <test name="Default test" duration-ms="9330" started-at="2018-08-12T14:20:12Z" finished-at="2018-08-12T14:20:21Z">
      <class name="com.bluesky.test.smoke.SimpleUnitTest">
        <test-method status="PASS" signature="preCondition()[pri:0, instance:com.bluesky.test.smoke.SimpleUnitTest@5bcea91b]" name="preCondition" is-config="true" duration-ms="8601" started-at="2018-08-12T14:20:12Z" finished-at="2018-08-12T14:20:21Z">
          <reporter-output>
          </reporter-output>
        </test-method> <!-- preCondition -->
        <test-method status="PASS" signature="testLoginFailedTC101211()[pri:0, instance:com.bluesky.test.smoke.SimpleUnitTest@5bcea91b]" name="testLoginFailedTC101211" duration-ms="249" started-at="2018-08-12T14:20:21Z" finished-at="2018-08-12T14:20:21Z">
          <reporter-output>
          </reporter-output>
        </test-method> <!-- testLoginFailedTC101211 -->
        <test-method status="PASS" signature="postCondition()[pri:0, instance:com.bluesky.test.smoke.SimpleUnitTest@5bcea91b]" name="postCondition" is-config="true" duration-ms="410" started-at="2018-08-12T14:20:21Z" finished-at="2018-08-12T14:20:21Z">
          <reporter-output>
          </reporter-output>
        </test-method> <!-- postCondition -->
      </class> <!-- com.bluesky.test.smoke.SimpleUnitTest -->
    </test> <!-- Default test -->
  </suite> <!-- Default suite -->
</testng-results>
